-------------------------------------------------------------------------------
Test set: coursework.AppTest
-------------------------------------------------------------------------------
Tests run: 5, Failures: 0, Errors: 1, Skipped: 0, Time elapsed: 3.181 s <<< FAILURE! - in coursework.AppTest
deleteTVTest  Time elapsed: 0.353 s  <<< ERROR!
org.jsoup.HttpStatusException: HTTP error fetching URL
	at coursework.AppTest.deleteTVTest(AppTest.java:136)

