<?xml version="1.0" encoding="UTF-8"?>
<testsuite xmlns:xsi="http://www.w3.org/2001/XMLSchema-instance" xsi:noNamespaceSchemaLocation="https://maven.apache.org/surefire/maven-surefire-plugin/xsd/surefire-test-report.xsd" name="coursework.AppTest" time="6.307" tests="5" errors="0" skipped="0" failures="0">
  <properties>
[...]
</properties>
  <testcase name="sessionFactoryTest" classname="coursework.AppTest" time="2.128"/>
  <testcase name="scraperListTest" classname="coursework.AppTest" time="0.542"/>
  <testcase name="deleteTVTest" classname="coursework.AppTest" time="2.463"/>
  <testcase name="runningThreadsTest" classname="coursework.AppTest" time="0.156"/>
  <testcase name="saveLaptopTest" classname="coursework.AppTest" time="1.011"/>
</testsuite>