<?xml version="1.0" encoding="UTF-8"?>
<testsuite xmlns:xsi="http://www.w3.org/2001/XMLSchema-instance" xsi:noNamespaceSchemaLocation="https://maven.apache.org/surefire/maven-surefire-plugin/xsd/surefire-test-report.xsd" name="coursework.AppTest" time="3.181" tests="5" errors="1" skipped="0" failures="0">
  <properties>
[...]
</properties>
  <testcase name="sessionFactoryTest" classname="coursework.AppTest" time="1.685"/>
  <testcase name="scraperListTest" classname="coursework.AppTest" time="0.304"/>
  <testcase name="deleteTVTest" classname="coursework.AppTest" time="0.353">
    <error message="HTTP error fetching URL" type="org.jsoup.HttpStatusException">org.jsoup.HttpStatusException: HTTP error fetching URL
	at coursework.AppTest.deleteTVTest(AppTest.java:136)
</error>
  </testcase>
  <testcase name="runningThreadsTest" classname="coursework.AppTest" time="0.15"/>
  <testcase name="saveLaptopTest" classname="coursework.AppTest" time="0.684"/>
</testsuite>